  main.cpp
d:\google 雲端硬碟\university\大三下\計算機圖學\hw3\openglframework-vs2017\openglframework-vs2017\main.cpp(117): warning C4305: '引數': 從 'double' 轉換為 'float'，是由較大的類型轉換為較小的類型，可能導致資料遺失
d:\google 雲端硬碟\university\大三下\計算機圖學\hw3\openglframework-vs2017\openglframework-vs2017\main.cpp(330): warning C4244: '引數': 將 'double' 轉換為 'float'，由於類型不同，可能導致資料遺失
d:\google 雲端硬碟\university\大三下\計算機圖學\hw3\openglframework-vs2017\openglframework-vs2017\main.cpp(500): warning C4267: '=': 將 'size_t' 轉換為 'int'，資料可能遺失
d:\google 雲端硬碟\university\大三下\計算機圖學\hw3\openglframework-vs2017\openglframework-vs2017\main.cpp(592): warning C4244: '-=': 將 'double' 轉換為 'float'，由於類型不同，可能導致資料遺失
d:\google 雲端硬碟\university\大三下\計算機圖學\hw3\openglframework-vs2017\openglframework-vs2017\main.cpp(597): warning C4244: '+=': 將 'double' 轉換為 'float'，由於類型不同，可能導致資料遺失
d:\google 雲端硬碟\university\大三下\計算機圖學\hw3\openglframework-vs2017\openglframework-vs2017\main.cpp(602): warning C4244: '+=': 將 'double' 轉換為 'float'，由於類型不同，可能導致資料遺失
d:\google 雲端硬碟\university\大三下\計算機圖學\hw3\openglframework-vs2017\openglframework-vs2017\main.cpp(607): warning C4244: '+=': 將 'double' 轉換為 'float'，由於類型不同，可能導致資料遺失
d:\google 雲端硬碟\university\大三下\計算機圖學\hw3\openglframework-vs2017\openglframework-vs2017\main.cpp(610): warning C4244: '+=': 將 'double' 轉換為 'float'，由於類型不同，可能導致資料遺失
d:\google 雲端硬碟\university\大三下\計算機圖學\hw3\openglframework-vs2017\openglframework-vs2017\main.cpp(613): warning C4244: '+=': 將 'double' 轉換為 'float'，由於類型不同，可能導致資料遺失
d:\google 雲端硬碟\university\大三下\計算機圖學\hw3\openglframework-vs2017\openglframework-vs2017\main.cpp(618): warning C4244: '+=': 將 'double' 轉換為 'float'，由於類型不同，可能導致資料遺失
d:\google 雲端硬碟\university\大三下\計算機圖學\hw3\openglframework-vs2017\openglframework-vs2017\main.cpp(619): warning C4244: '+=': 將 'double' 轉換為 'float'，由於類型不同，可能導致資料遺失
d:\google 雲端硬碟\university\大三下\計算機圖學\hw3\openglframework-vs2017\openglframework-vs2017\main.cpp(620): warning C4244: '+=': 將 'double' 轉換為 'float'，由於類型不同，可能導致資料遺失
d:\google 雲端硬碟\university\大三下\計算機圖學\hw3\openglframework-vs2017\openglframework-vs2017\main.cpp(623): warning C4244: '+=': 將 'double' 轉換為 'float'，由於類型不同，可能導致資料遺失
d:\google 雲端硬碟\university\大三下\計算機圖學\hw3\openglframework-vs2017\openglframework-vs2017\main.cpp(624): warning C4244: '+=': 將 'double' 轉換為 'float'，由於類型不同，可能導致資料遺失
d:\google 雲端硬碟\university\大三下\計算機圖學\hw3\openglframework-vs2017\openglframework-vs2017\main.cpp(625): warning C4244: '+=': 將 'double' 轉換為 'float'，由於類型不同，可能導致資料遺失
d:\google 雲端硬碟\university\大三下\計算機圖學\hw3\openglframework-vs2017\openglframework-vs2017\main.cpp(628): warning C4244: '+=': 將 'double' 轉換為 'GLfloat'，由於類型不同，可能導致資料遺失
d:\google 雲端硬碟\university\大三下\計算機圖學\hw3\openglframework-vs2017\openglframework-vs2017\main.cpp(638): warning C4244: '-=': 將 'double' 轉換為 'GLfloat'，由於類型不同，可能導致資料遺失
d:\google 雲端硬碟\university\大三下\計算機圖學\hw3\openglframework-vs2017\openglframework-vs2017\main.cpp(643): warning C4244: '-=': 將 'double' 轉換為 'GLfloat'，由於類型不同，可能導致資料遺失
d:\google 雲端硬碟\university\大三下\計算機圖學\hw3\openglframework-vs2017\openglframework-vs2017\main.cpp(648): warning C4244: '-=': 將 'double' 轉換為 'GLfloat'，由於類型不同，可能導致資料遺失
d:\google 雲端硬碟\university\大三下\計算機圖學\hw3\openglframework-vs2017\openglframework-vs2017\main.cpp(675): warning C4244: '正在初始化': 將 'int' 轉換為 'float'，由於類型不同，可能導致資料遺失
d:\google 雲端硬碟\university\大三下\計算機圖學\hw3\openglframework-vs2017\openglframework-vs2017\main.cpp(676): warning C4244: '正在初始化': 將 'int' 轉換為 'float'，由於類型不同，可能導致資料遺失
d:\google 雲端硬碟\university\大三下\計算機圖學\hw3\openglframework-vs2017\openglframework-vs2017\main.cpp(682): warning C4244: '+=': 將 'double' 轉換為 'float'，由於類型不同，可能導致資料遺失
d:\google 雲端硬碟\university\大三下\計算機圖學\hw3\openglframework-vs2017\openglframework-vs2017\main.cpp(683): warning C4244: '+=': 將 'double' 轉換為 'float'，由於類型不同，可能導致資料遺失
d:\google 雲端硬碟\university\大三下\計算機圖學\hw3\openglframework-vs2017\openglframework-vs2017\main.cpp(688): warning C4244: '+=': 將 'double' 轉換為 'float'，由於類型不同，可能導致資料遺失
d:\google 雲端硬碟\university\大三下\計算機圖學\hw3\openglframework-vs2017\openglframework-vs2017\main.cpp(689): warning C4244: '-=': 將 'double' 轉換為 'float'，由於類型不同，可能導致資料遺失
d:\google 雲端硬碟\university\大三下\計算機圖學\hw3\openglframework-vs2017\openglframework-vs2017\main.cpp(694): warning C4244: '+=': 將 'double' 轉換為 'float'，由於類型不同，可能導致資料遺失
d:\google 雲端硬碟\university\大三下\計算機圖學\hw3\openglframework-vs2017\openglframework-vs2017\main.cpp(695): warning C4244: '+=': 將 'double' 轉換為 'float'，由於類型不同，可能導致資料遺失
d:\google 雲端硬碟\university\大三下\計算機圖學\hw3\openglframework-vs2017\openglframework-vs2017\main.cpp(700): warning C4244: '+=': 將 'double' 轉換為 'float'，由於類型不同，可能導致資料遺失
d:\google 雲端硬碟\university\大三下\計算機圖學\hw3\openglframework-vs2017\openglframework-vs2017\main.cpp(701): warning C4244: '+=': 將 'double' 轉換為 'float'，由於類型不同，可能導致資料遺失
d:\google 雲端硬碟\university\大三下\計算機圖學\hw3\openglframework-vs2017\openglframework-vs2017\main.cpp(704): warning C4244: '+=': 將 'double' 轉換為 'float'，由於類型不同，可能導致資料遺失
d:\google 雲端硬碟\university\大三下\計算機圖學\hw3\openglframework-vs2017\openglframework-vs2017\main.cpp(705): warning C4244: '+=': 將 'double' 轉換為 'float'，由於類型不同，可能導致資料遺失
d:\google 雲端硬碟\university\大三下\計算機圖學\hw3\openglframework-vs2017\openglframework-vs2017\main.cpp(708): warning C4244: '+=': 將 'double' 轉換為 'float'，由於類型不同，可能導致資料遺失
d:\google 雲端硬碟\university\大三下\計算機圖學\hw3\openglframework-vs2017\openglframework-vs2017\main.cpp(709): warning C4244: '+=': 將 'double' 轉換為 'float'，由於類型不同，可能導致資料遺失
d:\google 雲端硬碟\university\大三下\計算機圖學\hw3\openglframework-vs2017\openglframework-vs2017\main.cpp(717): warning C4244: '=': 將 'double' 轉換為 'float'，由於類型不同，可能導致資料遺失
d:\google 雲端硬碟\university\大三下\計算機圖學\hw3\openglframework-vs2017\openglframework-vs2017\main.cpp(718): warning C4244: '=': 將 'double' 轉換為 'float'，由於類型不同，可能導致資料遺失
d:\google 雲端硬碟\university\大三下\計算機圖學\hw3\openglframework-vs2017\openglframework-vs2017\main.cpp(721): warning C4244: '=': 將 'double' 轉換為 'float'，由於類型不同，可能導致資料遺失
d:\google 雲端硬碟\university\大三下\計算機圖學\hw3\openglframework-vs2017\openglframework-vs2017\main.cpp(722): warning C4244: '=': 將 'double' 轉換為 'float'，由於類型不同，可能導致資料遺失
d:\google 雲端硬碟\university\大三下\計算機圖學\hw3\openglframework-vs2017\openglframework-vs2017\main.cpp(726): warning C4244: '=': 將 'double' 轉換為 'float'，由於類型不同，可能導致資料遺失
d:\google 雲端硬碟\university\大三下\計算機圖學\hw3\openglframework-vs2017\openglframework-vs2017\main.cpp(727): warning C4244: '=': 將 'double' 轉換為 'float'，由於類型不同，可能導致資料遺失
d:\google 雲端硬碟\university\大三下\計算機圖學\hw3\openglframework-vs2017\openglframework-vs2017\main.cpp(1002): warning C4267: '=': 將 'size_t' 轉換為 'int'，資料可能遺失
d:\google 雲端硬碟\university\大三下\計算機圖學\hw3\openglframework-vs2017\openglframework-vs2017\main.cpp(1068): warning C4477: 'printf' : 格式字串 '%d' 需要 'int' 類型的引數，但 variadic 引數 1 的類型為 'unsigned __int64'
  d:\google 雲端硬碟\university\大三下\計算機圖學\hw3\openglframework-vs2017\openglframework-vs2017\main.cpp(1068): note: 請考慮在格式字串中使用 '%zd'
d:\google 雲端硬碟\university\大三下\計算機圖學\hw3\openglframework-vs2017\openglframework-vs2017\main.cpp(1068): warning C4477: 'printf' : 格式字串 '%d' 需要 'int' 類型的引數，但 variadic 引數 2 的類型為 'unsigned __int64'
  d:\google 雲端硬碟\university\大三下\計算機圖學\hw3\openglframework-vs2017\openglframework-vs2017\main.cpp(1068): note: 請考慮在格式字串中使用 '%zd'
d:\google 雲端硬碟\university\大三下\計算機圖學\hw3\openglframework-vs2017\openglframework-vs2017\main.cpp(1118): warning C4305: '=': 從 'double' 轉換為 'GLfloat'，是由較大的類型轉換為較小的類型，可能導致資料遺失
d:\google 雲端硬碟\university\大三下\計算機圖學\hw3\openglframework-vs2017\openglframework-vs2017\main.cpp(1130): warning C4305: '=': 從 'double' 轉換為 'GLfloat'，是由較大的類型轉換為較小的類型，可能導致資料遺失
d:\google 雲端硬碟\university\大三下\計算機圖學\hw3\openglframework-vs2017\openglframework-vs2017\main.cpp(1131): warning C4305: '=': 從 'double' 轉換為 'GLfloat'，是由較大的類型轉換為較小的類型，可能導致資料遺失
d:\google 雲端硬碟\university\大三下\計算機圖學\hw3\openglframework-vs2017\openglframework-vs2017\main.cpp(1132): warning C4305: '=': 從 'double' 轉換為 'GLfloat'，是由較大的類型轉換為較小的類型，可能導致資料遺失
d:\google 雲端硬碟\university\大三下\計算機圖學\hw3\openglframework-vs2017\openglframework-vs2017\main.cpp(1139): warning C4305: '=': 從 'double' 轉換為 'GLfloat'，是由較大的類型轉換為較小的類型，可能導致資料遺失
d:\google 雲端硬碟\university\大三下\計算機圖學\hw3\openglframework-vs2017\openglframework-vs2017\main.cpp(1140): warning C4305: '=': 從 'double' 轉換為 'GLfloat'，是由較大的類型轉換為較小的類型，可能導致資料遺失
d:\google 雲端硬碟\university\大三下\計算機圖學\hw3\openglframework-vs2017\openglframework-vs2017\main.cpp(1141): warning C4305: '=': 從 'double' 轉換為 'GLfloat'，是由較大的類型轉換為較小的類型，可能導致資料遺失
d:\google 雲端硬碟\university\大三下\計算機圖學\hw3\openglframework-vs2017\openglframework-vs2017\main.cpp(1181): warning C4305: '引數': 從 'double' 轉換為 'GLfloat'，是由較大的類型轉換為較小的類型，可能導致資料遺失
  OpenGLFramework-VS2017.vcxproj -> D:\Google 雲端硬碟\university\大三下\計算機圖學\hw3\OpenGLFramework-VS2017\x64\Debug\OpenGLFramework-VS2017.exe
